Running workflow simulation...
Initializing...
Loading settings...
Checking RPC connectivity...
Compiling workflow...
✓ Workflow compiled
! Secret "MARKET_ADDRESS" uses itself as the env var name — this is fragile and may cause confusion. Consider using a distinct env var name (e.g. "CRE_MARKET_ADDRESS").
! Secret "CRE_ETH_PRIVATE_KEY" uses itself as the env var name — this is fragile and may cause confusion. Consider using a distinct env var name (e.g. "CRE_CRE_ETH_PRIVATE_KEY").

[?25l[?2004h[?1004h┃ HTTP Trigger Configuration                                                    
┃ Enter a file path or JSON directly for the HTTP trigger                       
┃ > {                                                                           

enter submit[D[4A

┃ > {"question": "Will Ilia Malinin moon gold?"}                                

[D[4A

┃ > {"question": "Will Ilia Malinin moon gold?"                                 

[D[4A

┃ > {"question": "Will Ilia Malinin moon gold?                                  

[D[4A

┃ > {"question": "Will Ilia Malinin moon gold?}                                 

[D[4A [J[D[2K[?2004l[?25h[?1002l[?1003l[?1006l[?1004l✗ Failed to get HTTP trigger payload: failed to parse JSON: unexpected end of JSON input


=== Quick Summary ===

Full logs: logs/workflow-20260308-105515.log
Tip: Cmd + double-click URLs to open in browser.
